0 info it worked if it ends with ok
1 verbose cli [ '/usr/local/bin/node',
1 verbose cli   '/usr/local/bin/npm',
1 verbose cli   'install',
1 verbose cli   'angular-sanitize@X.Y.Z',
1 verbose cli   '--save' ]
2 info using npm@2.15.9
3 info using node@v4.5.0
4 verbose install initial load of /Users/moyuliang/Desktop/personal_project/share_economy_MEAN_Stack/package.json
5 warn package.json mongo_express@1.0.0 No repository field.
6 verbose installManyTop reading scoped package data from /Users/moyuliang/Desktop/personal_project/share_economy_MEAN_Stack/node_modules/accepts/package.json
7 verbose installManyTop reading scoped package data from /Users/moyuliang/Desktop/personal_project/share_economy_MEAN_Stack/node_modules/angular/package.json
8 verbose installManyTop reading scoped package data from /Users/moyuliang/Desktop/personal_project/share_economy_MEAN_Stack/node_modules/angular-chart.js/package.json
9 verbose installManyTop reading scoped package data from /Users/moyuliang/Desktop/personal_project/share_economy_MEAN_Stack/node_modules/ansi-regex/package.json
10 verbose installManyTop reading scoped package data from /Users/moyuliang/Desktop/personal_project/share_economy_MEAN_Stack/node_modules/ansi-styles/package.json
11 verbose installManyTop reading scoped package data from /Users/moyuliang/Desktop/personal_project/share_economy_MEAN_Stack/node_modules/any-promise/package.json
12 verbose installManyTop reading scoped package data from /Users/moyuliang/Desktop/personal_project/share_economy_MEAN_Stack/node_modules/archy/package.json
13 verbose installManyTop reading scoped package data from /Users/moyuliang/Desktop/personal_project/share_economy_MEAN_Stack/node_modules/arr-flatten/package.json
14 verbose installManyTop reading scoped package data from /Users/moyuliang/Desktop/personal_project/share_economy_MEAN_Stack/node_modules/array-differ/package.json
15 verbose installManyTop reading scoped package data from /Users/moyuliang/Desktop/personal_project/share_economy_MEAN_Stack/node_modules/array-find-index/package.json
16 verbose installManyTop reading scoped package data from /Users/moyuliang/Desktop/personal_project/share_economy_MEAN_Stack/node_modules/array-flatten/package.json
17 verbose installManyTop reading scoped package data from /Users/moyuliang/Desktop/personal_project/share_economy_MEAN_Stack/node_modules/array-uniq/package.json
18 verbose installManyTop reading scoped package data from /Users/moyuliang/Desktop/personal_project/share_economy_MEAN_Stack/node_modules/arrify/package.json
19 verbose installManyTop reading scoped package data from /Users/moyuliang/Desktop/personal_project/share_economy_MEAN_Stack/node_modules/balanced-match/package.json
20 verbose installManyTop reading scoped package data from /Users/moyuliang/Desktop/personal_project/share_economy_MEAN_Stack/node_modules/beeper/package.json
21 verbose installManyTop reading scoped package data from /Users/moyuliang/Desktop/personal_project/share_economy_MEAN_Stack/node_modules/body-parser/package.json
22 verbose installManyTop reading scoped package data from /Users/moyuliang/Desktop/personal_project/share_economy_MEAN_Stack/node_modules/bootstrap/package.json
23 verbose installManyTop reading scoped package data from /Users/moyuliang/Desktop/personal_project/share_economy_MEAN_Stack/node_modules/bower/package.json
24 verbose installManyTop reading scoped package data from /Users/moyuliang/Desktop/personal_project/share_economy_MEAN_Stack/node_modules/brace-expansion/package.json
25 verbose installManyTop reading scoped package data from /Users/moyuliang/Desktop/personal_project/share_economy_MEAN_Stack/node_modules/bson/package.json
26 verbose installManyTop reading scoped package data from /Users/moyuliang/Desktop/personal_project/share_economy_MEAN_Stack/node_modules/buffer-shims/package.json
27 verbose installManyTop reading scoped package data from /Users/moyuliang/Desktop/personal_project/share_economy_MEAN_Stack/node_modules/builtin-modules/package.json
28 verbose installManyTop reading scoped package data from /Users/moyuliang/Desktop/personal_project/share_economy_MEAN_Stack/node_modules/bytes/package.json
29 verbose installManyTop reading scoped package data from /Users/moyuliang/Desktop/personal_project/share_economy_MEAN_Stack/node_modules/camelcase/package.json
30 verbose installManyTop reading scoped package data from /Users/moyuliang/Desktop/personal_project/share_economy_MEAN_Stack/node_modules/camelcase-keys/package.json
31 verbose installManyTop reading scoped package data from /Users/moyuliang/Desktop/personal_project/share_economy_MEAN_Stack/node_modules/chalk/package.json
32 verbose installManyTop reading scoped package data from /Users/moyuliang/Desktop/personal_project/share_economy_MEAN_Stack/node_modules/chart.js/package.json
33 verbose installManyTop reading scoped package data from /Users/moyuliang/Desktop/personal_project/share_economy_MEAN_Stack/node_modules/chartjs-color/package.json
34 verbose installManyTop reading scoped package data from /Users/moyuliang/Desktop/personal_project/share_economy_MEAN_Stack/node_modules/chartjs-color-string/package.json
35 verbose installManyTop reading scoped package data from /Users/moyuliang/Desktop/personal_project/share_economy_MEAN_Stack/node_modules/clone/package.json
36 verbose installManyTop reading scoped package data from /Users/moyuliang/Desktop/personal_project/share_economy_MEAN_Stack/node_modules/clone-stats/package.json
37 verbose installManyTop reading scoped package data from /Users/moyuliang/Desktop/personal_project/share_economy_MEAN_Stack/node_modules/color-convert/package.json
38 verbose installManyTop reading scoped package data from /Users/moyuliang/Desktop/personal_project/share_economy_MEAN_Stack/node_modules/color-name/package.json
39 verbose installManyTop reading scoped package data from /Users/moyuliang/Desktop/personal_project/share_economy_MEAN_Stack/node_modules/concat-map/package.json
40 verbose installManyTop reading scoped package data from /Users/moyuliang/Desktop/personal_project/share_economy_MEAN_Stack/node_modules/content-disposition/package.json
41 verbose installManyTop reading scoped package data from /Users/moyuliang/Desktop/personal_project/share_economy_MEAN_Stack/node_modules/content-type/package.json
42 verbose installManyTop reading scoped package data from /Users/moyuliang/Desktop/personal_project/share_economy_MEAN_Stack/node_modules/cookie/package.json
43 verbose installManyTop reading scoped package data from /Users/moyuliang/Desktop/personal_project/share_economy_MEAN_Stack/node_modules/cookie-signature/package.json
44 verbose installManyTop reading scoped package data from /Users/moyuliang/Desktop/personal_project/share_economy_MEAN_Stack/node_modules/core-util-is/package.json
45 verbose installManyTop reading scoped package data from /Users/moyuliang/Desktop/personal_project/share_economy_MEAN_Stack/node_modules/currently-unhandled/package.json
46 verbose installManyTop reading scoped package data from /Users/moyuliang/Desktop/personal_project/share_economy_MEAN_Stack/node_modules/dateformat/package.json
47 verbose installManyTop reading scoped package data from /Users/moyuliang/Desktop/personal_project/share_economy_MEAN_Stack/node_modules/debug/package.json
48 verbose installManyTop reading scoped package data from /Users/moyuliang/Desktop/personal_project/share_economy_MEAN_Stack/node_modules/decamelize/package.json
49 verbose installManyTop reading scoped package data from /Users/moyuliang/Desktop/personal_project/share_economy_MEAN_Stack/node_modules/defaults/package.json
50 verbose installManyTop reading scoped package data from /Users/moyuliang/Desktop/personal_project/share_economy_MEAN_Stack/node_modules/depd/package.json
51 verbose installManyTop reading scoped package data from /Users/moyuliang/Desktop/personal_project/share_economy_MEAN_Stack/node_modules/deprecated/package.json
52 verbose installManyTop reading scoped package data from /Users/moyuliang/Desktop/personal_project/share_economy_MEAN_Stack/node_modules/destroy/package.json
53 verbose installManyTop reading scoped package data from /Users/moyuliang/Desktop/personal_project/share_economy_MEAN_Stack/node_modules/duplexer/package.json
54 verbose installManyTop reading scoped package data from /Users/moyuliang/Desktop/personal_project/share_economy_MEAN_Stack/node_modules/duplexer2/package.json
55 verbose installManyTop reading scoped package data from /Users/moyuliang/Desktop/personal_project/share_economy_MEAN_Stack/node_modules/each-series/package.json
56 verbose installManyTop reading scoped package data from /Users/moyuliang/Desktop/personal_project/share_economy_MEAN_Stack/node_modules/ee-first/package.json
57 verbose installManyTop reading scoped package data from /Users/moyuliang/Desktop/personal_project/share_economy_MEAN_Stack/node_modules/encodeurl/package.json
58 verbose installManyTop reading scoped package data from /Users/moyuliang/Desktop/personal_project/share_economy_MEAN_Stack/node_modules/end-of-stream/package.json
59 verbose installManyTop reading scoped package data from /Users/moyuliang/Desktop/personal_project/share_economy_MEAN_Stack/node_modules/error-ex/package.json
60 verbose installManyTop reading scoped package data from /Users/moyuliang/Desktop/personal_project/share_economy_MEAN_Stack/node_modules/es6-promise/package.json
61 verbose installManyTop reading scoped package data from /Users/moyuliang/Desktop/personal_project/share_economy_MEAN_Stack/node_modules/escape-html/package.json
62 verbose installManyTop reading scoped package data from /Users/moyuliang/Desktop/personal_project/share_economy_MEAN_Stack/node_modules/escape-string-regexp/package.json
63 verbose installManyTop reading scoped package data from /Users/moyuliang/Desktop/personal_project/share_economy_MEAN_Stack/node_modules/etag/package.json
64 verbose installManyTop reading scoped package data from /Users/moyuliang/Desktop/personal_project/share_economy_MEAN_Stack/node_modules/event-stream/package.json
65 verbose installManyTop reading scoped package data from /Users/moyuliang/Desktop/personal_project/share_economy_MEAN_Stack/node_modules/express/package.json
66 verbose installManyTop reading scoped package data from /Users/moyuliang/Desktop/personal_project/share_economy_MEAN_Stack/node_modules/extend/package.json
67 verbose installManyTop reading scoped package data from /Users/moyuliang/Desktop/personal_project/share_economy_MEAN_Stack/node_modules/fancy-log/package.json
68 verbose installManyTop reading scoped package data from /Users/moyuliang/Desktop/personal_project/share_economy_MEAN_Stack/node_modules/finalhandler/package.json
69 verbose installManyTop reading scoped package data from /Users/moyuliang/Desktop/personal_project/share_economy_MEAN_Stack/node_modules/find-index/package.json
70 verbose installManyTop reading scoped package data from /Users/moyuliang/Desktop/personal_project/share_economy_MEAN_Stack/node_modules/find-up/package.json
71 verbose installManyTop reading scoped package data from /Users/moyuliang/Desktop/personal_project/share_economy_MEAN_Stack/node_modules/findup-sync/package.json
72 verbose installManyTop reading scoped package data from /Users/moyuliang/Desktop/personal_project/share_economy_MEAN_Stack/node_modules/first-chunk-stream/package.json
73 verbose installManyTop reading scoped package data from /Users/moyuliang/Desktop/personal_project/share_economy_MEAN_Stack/node_modules/flagged-respawn/package.json
74 verbose installManyTop reading scoped package data from /Users/moyuliang/Desktop/personal_project/share_economy_MEAN_Stack/node_modules/font-awesome/package.json
75 verbose installManyTop reading scoped package data from /Users/moyuliang/Desktop/personal_project/share_economy_MEAN_Stack/node_modules/forwarded/package.json
76 verbose installManyTop reading scoped package data from /Users/moyuliang/Desktop/personal_project/share_economy_MEAN_Stack/node_modules/fresh/package.json
77 verbose installManyTop reading scoped package data from /Users/moyuliang/Desktop/personal_project/share_economy_MEAN_Stack/node_modules/from/package.json
78 verbose installManyTop reading scoped package data from /Users/moyuliang/Desktop/personal_project/share_economy_MEAN_Stack/node_modules/gaze/package.json
79 verbose installManyTop reading scoped package data from /Users/moyuliang/Desktop/personal_project/share_economy_MEAN_Stack/node_modules/get-stdin/package.json
80 verbose installManyTop reading scoped package data from /Users/moyuliang/Desktop/personal_project/share_economy_MEAN_Stack/node_modules/get-value/package.json
81 verbose installManyTop reading scoped package data from /Users/moyuliang/Desktop/personal_project/share_economy_MEAN_Stack/node_modules/glob/package.json
82 verbose installManyTop reading scoped package data from /Users/moyuliang/Desktop/personal_project/share_economy_MEAN_Stack/node_modules/glob-stream/package.json
83 verbose installManyTop reading scoped package data from /Users/moyuliang/Desktop/personal_project/share_economy_MEAN_Stack/node_modules/glob-watcher/package.json
84 verbose installManyTop reading scoped package data from /Users/moyuliang/Desktop/personal_project/share_economy_MEAN_Stack/node_modules/glob2base/package.json
85 verbose installManyTop reading scoped package data from /Users/moyuliang/Desktop/personal_project/share_economy_MEAN_Stack/node_modules/globule/package.json
86 verbose installManyTop reading scoped package data from /Users/moyuliang/Desktop/personal_project/share_economy_MEAN_Stack/node_modules/glogg/package.json
87 verbose installManyTop reading scoped package data from /Users/moyuliang/Desktop/personal_project/share_economy_MEAN_Stack/node_modules/graceful-fs/package.json
88 verbose installManyTop reading scoped package data from /Users/moyuliang/Desktop/personal_project/share_economy_MEAN_Stack/node_modules/group-array/package.json
89 verbose installManyTop reading scoped package data from /Users/moyuliang/Desktop/personal_project/share_economy_MEAN_Stack/node_modules/gulp/package.json
90 verbose installManyTop reading scoped package data from /Users/moyuliang/Desktop/personal_project/share_economy_MEAN_Stack/node_modules/gulp-cli/package.json
91 verbose installManyTop reading scoped package data from /Users/moyuliang/Desktop/personal_project/share_economy_MEAN_Stack/node_modules/gulp-inject/package.json
92 verbose installManyTop reading scoped package data from /Users/moyuliang/Desktop/personal_project/share_economy_MEAN_Stack/node_modules/gulp-util/package.json
93 verbose installManyTop reading scoped package data from /Users/moyuliang/Desktop/personal_project/share_economy_MEAN_Stack/node_modules/gulplog/package.json
94 verbose installManyTop reading scoped package data from /Users/moyuliang/Desktop/personal_project/share_economy_MEAN_Stack/node_modules/has-ansi/package.json
95 verbose installManyTop reading scoped package data from /Users/moyuliang/Desktop/personal_project/share_economy_MEAN_Stack/node_modules/has-gulplog/package.json
96 verbose installManyTop reading scoped package data from /Users/moyuliang/Desktop/personal_project/share_economy_MEAN_Stack/node_modules/hosted-git-info/package.json
97 verbose installManyTop reading scoped package data from /Users/moyuliang/Desktop/personal_project/share_economy_MEAN_Stack/node_modules/http-errors/package.json
98 verbose installManyTop reading scoped package data from /Users/moyuliang/Desktop/personal_project/share_economy_MEAN_Stack/node_modules/iconv-lite/package.json
99 verbose installManyTop reading scoped package data from /Users/moyuliang/Desktop/personal_project/share_economy_MEAN_Stack/node_modules/indent-string/package.json
100 verbose installManyTop reading scoped package data from /Users/moyuliang/Desktop/personal_project/share_economy_MEAN_Stack/node_modules/inflight/package.json
101 verbose installManyTop reading scoped package data from /Users/moyuliang/Desktop/personal_project/share_economy_MEAN_Stack/node_modules/inherits/package.json
102 verbose installManyTop reading scoped package data from /Users/moyuliang/Desktop/personal_project/share_economy_MEAN_Stack/node_modules/interpret/package.json
103 verbose installManyTop reading scoped package data from /Users/moyuliang/Desktop/personal_project/share_economy_MEAN_Stack/node_modules/ipaddr.js/package.json
104 verbose installManyTop reading scoped package data from /Users/moyuliang/Desktop/personal_project/share_economy_MEAN_Stack/node_modules/is-arrayish/package.json
105 verbose installManyTop reading scoped package data from /Users/moyuliang/Desktop/personal_project/share_economy_MEAN_Stack/node_modules/is-buffer/package.json
106 verbose installManyTop reading scoped package data from /Users/moyuliang/Desktop/personal_project/share_economy_MEAN_Stack/node_modules/is-builtin-module/package.json
107 verbose installManyTop reading scoped package data from /Users/moyuliang/Desktop/personal_project/share_economy_MEAN_Stack/node_modules/is-extendable/package.json
108 verbose installManyTop reading scoped package data from /Users/moyuliang/Desktop/personal_project/share_economy_MEAN_Stack/node_modules/is-finite/package.json
109 verbose installManyTop reading scoped package data from /Users/moyuliang/Desktop/personal_project/share_economy_MEAN_Stack/node_modules/is-utf8/package.json
110 verbose installManyTop reading scoped package data from /Users/moyuliang/Desktop/personal_project/share_economy_MEAN_Stack/node_modules/isarray/package.json
111 verbose installManyTop reading scoped package data from /Users/moyuliang/Desktop/personal_project/share_economy_MEAN_Stack/node_modules/kind-of/package.json
112 verbose installManyTop reading scoped package data from /Users/moyuliang/Desktop/personal_project/share_economy_MEAN_Stack/node_modules/lazy-cache/package.json
113 verbose installManyTop reading scoped package data from /Users/moyuliang/Desktop/personal_project/share_economy_MEAN_Stack/node_modules/liftoff/package.json
114 verbose installManyTop reading scoped package data from /Users/moyuliang/Desktop/personal_project/share_economy_MEAN_Stack/node_modules/load-json-file/package.json
115 verbose installManyTop reading scoped package data from /Users/moyuliang/Desktop/personal_project/share_economy_MEAN_Stack/node_modules/lodash/package.json
116 verbose installManyTop reading scoped package data from /Users/moyuliang/Desktop/personal_project/share_economy_MEAN_Stack/node_modules/lodash._basecopy/package.json
117 verbose installManyTop reading scoped package data from /Users/moyuliang/Desktop/personal_project/share_economy_MEAN_Stack/node_modules/lodash._basetostring/package.json
118 verbose installManyTop reading scoped package data from /Users/moyuliang/Desktop/personal_project/share_economy_MEAN_Stack/node_modules/lodash._basevalues/package.json
119 verbose installManyTop reading scoped package data from /Users/moyuliang/Desktop/personal_project/share_economy_MEAN_Stack/node_modules/lodash._getnative/package.json
120 verbose installManyTop reading scoped package data from /Users/moyuliang/Desktop/personal_project/share_economy_MEAN_Stack/node_modules/lodash._isiterateecall/package.json
121 verbose installManyTop reading scoped package data from /Users/moyuliang/Desktop/personal_project/share_economy_MEAN_Stack/node_modules/lodash._reescape/package.json
122 verbose installManyTop reading scoped package data from /Users/moyuliang/Desktop/personal_project/share_economy_MEAN_Stack/node_modules/lodash._reevaluate/package.json
123 verbose installManyTop reading scoped package data from /Users/moyuliang/Desktop/personal_project/share_economy_MEAN_Stack/node_modules/lodash._reinterpolate/package.json
124 verbose installManyTop reading scoped package data from /Users/moyuliang/Desktop/personal_project/share_economy_MEAN_Stack/node_modules/lodash._root/package.json
125 verbose installManyTop reading scoped package data from /Users/moyuliang/Desktop/personal_project/share_economy_MEAN_Stack/node_modules/lodash.escape/package.json
126 verbose installManyTop reading scoped package data from /Users/moyuliang/Desktop/personal_project/share_economy_MEAN_Stack/node_modules/lodash.isarguments/package.json
127 verbose installManyTop reading scoped package data from /Users/moyuliang/Desktop/personal_project/share_economy_MEAN_Stack/node_modules/lodash.isarray/package.json
128 verbose installManyTop reading scoped package data from /Users/moyuliang/Desktop/personal_project/share_economy_MEAN_Stack/node_modules/lodash.keys/package.json
129 verbose installManyTop reading scoped package data from /Users/moyuliang/Desktop/personal_project/share_economy_MEAN_Stack/node_modules/lodash.restparam/package.json
130 verbose installManyTop reading scoped package data from /Users/moyuliang/Desktop/personal_project/share_economy_MEAN_Stack/node_modules/lodash.template/package.json
131 verbose installManyTop reading scoped package data from /Users/moyuliang/Desktop/personal_project/share_economy_MEAN_Stack/node_modules/lodash.templatesettings/package.json
132 verbose installManyTop reading scoped package data from /Users/moyuliang/Desktop/personal_project/share_economy_MEAN_Stack/node_modules/loud-rejection/package.json
133 verbose installManyTop reading scoped package data from /Users/moyuliang/Desktop/personal_project/share_economy_MEAN_Stack/node_modules/lru-cache/package.json
134 verbose installManyTop reading scoped package data from /Users/moyuliang/Desktop/personal_project/share_economy_MEAN_Stack/node_modules/map-obj/package.json
135 verbose installManyTop reading scoped package data from /Users/moyuliang/Desktop/personal_project/share_economy_MEAN_Stack/node_modules/map-stream/package.json
136 verbose installManyTop reading scoped package data from /Users/moyuliang/Desktop/personal_project/share_economy_MEAN_Stack/node_modules/media-typer/package.json
137 verbose installManyTop reading scoped package data from /Users/moyuliang/Desktop/personal_project/share_economy_MEAN_Stack/node_modules/meow/package.json
138 verbose installManyTop reading scoped package data from /Users/moyuliang/Desktop/personal_project/share_economy_MEAN_Stack/node_modules/merge-descriptors/package.json
139 verbose installManyTop reading scoped package data from /Users/moyuliang/Desktop/personal_project/share_economy_MEAN_Stack/node_modules/methods/package.json
140 verbose installManyTop reading scoped package data from /Users/moyuliang/Desktop/personal_project/share_economy_MEAN_Stack/node_modules/mime/package.json
141 verbose installManyTop reading scoped package data from /Users/moyuliang/Desktop/personal_project/share_economy_MEAN_Stack/node_modules/mime-db/package.json
142 verbose installManyTop reading scoped package data from /Users/moyuliang/Desktop/personal_project/share_economy_MEAN_Stack/node_modules/mime-types/package.json
143 verbose installManyTop reading scoped package data from /Users/moyuliang/Desktop/personal_project/share_economy_MEAN_Stack/node_modules/minimatch/package.json
144 verbose installManyTop reading scoped package data from /Users/moyuliang/Desktop/personal_project/share_economy_MEAN_Stack/node_modules/minimist/package.json
145 verbose installManyTop reading scoped package data from /Users/moyuliang/Desktop/personal_project/share_economy_MEAN_Stack/node_modules/mkdirp/package.json
146 verbose installManyTop reading scoped package data from /Users/moyuliang/Desktop/personal_project/share_economy_MEAN_Stack/node_modules/moment/package.json
147 verbose installManyTop reading scoped package data from /Users/moyuliang/Desktop/personal_project/share_economy_MEAN_Stack/node_modules/mongodb/package.json
148 verbose installManyTop reading scoped package data from /Users/moyuliang/Desktop/personal_project/share_economy_MEAN_Stack/node_modules/mongodb-core/package.json
149 verbose installManyTop reading scoped package data from /Users/moyuliang/Desktop/personal_project/share_economy_MEAN_Stack/node_modules/mongojs/package.json
150 verbose installManyTop reading scoped package data from /Users/moyuliang/Desktop/personal_project/share_economy_MEAN_Stack/node_modules/ms/package.json
151 verbose installManyTop reading scoped package data from /Users/moyuliang/Desktop/personal_project/share_economy_MEAN_Stack/node_modules/multipipe/package.json
152 verbose installManyTop reading scoped package data from /Users/moyuliang/Desktop/personal_project/share_economy_MEAN_Stack/node_modules/negotiator/package.json
153 verbose installManyTop reading scoped package data from /Users/moyuliang/Desktop/personal_project/share_economy_MEAN_Stack/node_modules/noncharacters/package.json
154 verbose installManyTop reading scoped package data from /Users/moyuliang/Desktop/personal_project/share_economy_MEAN_Stack/node_modules/normalize-package-data/package.json
155 verbose installManyTop reading scoped package data from /Users/moyuliang/Desktop/personal_project/share_economy_MEAN_Stack/node_modules/number-is-nan/package.json
156 verbose installManyTop reading scoped package data from /Users/moyuliang/Desktop/personal_project/share_economy_MEAN_Stack/node_modules/object-assign/package.json
157 verbose installManyTop reading scoped package data from /Users/moyuliang/Desktop/personal_project/share_economy_MEAN_Stack/node_modules/on-finished/package.json
158 verbose installManyTop reading scoped package data from /Users/moyuliang/Desktop/personal_project/share_economy_MEAN_Stack/node_modules/once/package.json
159 verbose installManyTop reading scoped package data from /Users/moyuliang/Desktop/personal_project/share_economy_MEAN_Stack/node_modules/orchestrator/package.json
160 verbose installManyTop reading scoped package data from /Users/moyuliang/Desktop/personal_project/share_economy_MEAN_Stack/node_modules/ordered-read-streams/package.json
161 verbose installManyTop reading scoped package data from /Users/moyuliang/Desktop/personal_project/share_economy_MEAN_Stack/node_modules/os-homedir/package.json
162 verbose installManyTop reading scoped package data from /Users/moyuliang/Desktop/personal_project/share_economy_MEAN_Stack/node_modules/parse-json/package.json
163 verbose installManyTop reading scoped package data from /Users/moyuliang/Desktop/personal_project/share_economy_MEAN_Stack/node_modules/parse-mongo-url/package.json
164 verbose installManyTop reading scoped package data from /Users/moyuliang/Desktop/personal_project/share_economy_MEAN_Stack/node_modules/parseurl/package.json
165 verbose installManyTop reading scoped package data from /Users/moyuliang/Desktop/personal_project/share_economy_MEAN_Stack/node_modules/path-exists/package.json
166 verbose installManyTop reading scoped package data from /Users/moyuliang/Desktop/personal_project/share_economy_MEAN_Stack/node_modules/path-is-absolute/package.json
167 verbose installManyTop reading scoped package data from /Users/moyuliang/Desktop/personal_project/share_economy_MEAN_Stack/node_modules/path-to-regexp/package.json
168 verbose installManyTop reading scoped package data from /Users/moyuliang/Desktop/personal_project/share_economy_MEAN_Stack/node_modules/path-type/package.json
169 verbose installManyTop reading scoped package data from /Users/moyuliang/Desktop/personal_project/share_economy_MEAN_Stack/node_modules/pause-stream/package.json
170 verbose installManyTop reading scoped package data from /Users/moyuliang/Desktop/personal_project/share_economy_MEAN_Stack/node_modules/pify/package.json
171 verbose installManyTop reading scoped package data from /Users/moyuliang/Desktop/personal_project/share_economy_MEAN_Stack/node_modules/pinkie/package.json
172 verbose installManyTop reading scoped package data from /Users/moyuliang/Desktop/personal_project/share_economy_MEAN_Stack/node_modules/pinkie-promise/package.json
173 verbose installManyTop reading scoped package data from /Users/moyuliang/Desktop/personal_project/share_economy_MEAN_Stack/node_modules/pretty-hrtime/package.json
174 verbose installManyTop reading scoped package data from /Users/moyuliang/Desktop/personal_project/share_economy_MEAN_Stack/node_modules/process-nextick-args/package.json
175 verbose installManyTop reading scoped package data from /Users/moyuliang/Desktop/personal_project/share_economy_MEAN_Stack/node_modules/proxy-addr/package.json
176 verbose installManyTop reading scoped package data from /Users/moyuliang/Desktop/personal_project/share_economy_MEAN_Stack/node_modules/qs/package.json
177 verbose installManyTop reading scoped package data from /Users/moyuliang/Desktop/personal_project/share_economy_MEAN_Stack/node_modules/range-parser/package.json
178 verbose installManyTop reading scoped package data from /Users/moyuliang/Desktop/personal_project/share_economy_MEAN_Stack/node_modules/raw-body/package.json
179 verbose installManyTop reading scoped package data from /Users/moyuliang/Desktop/personal_project/share_economy_MEAN_Stack/node_modules/read-pkg/package.json
180 verbose installManyTop reading scoped package data from /Users/moyuliang/Desktop/personal_project/share_economy_MEAN_Stack/node_modules/read-pkg-up/package.json
181 verbose installManyTop reading scoped package data from /Users/moyuliang/Desktop/personal_project/share_economy_MEAN_Stack/node_modules/readable-stream/package.json
182 verbose installManyTop reading scoped package data from /Users/moyuliang/Desktop/personal_project/share_economy_MEAN_Stack/node_modules/rechoir/package.json
183 verbose installManyTop reading scoped package data from /Users/moyuliang/Desktop/personal_project/share_economy_MEAN_Stack/node_modules/redent/package.json
184 verbose installManyTop reading scoped package data from /Users/moyuliang/Desktop/personal_project/share_economy_MEAN_Stack/node_modules/repeating/package.json
185 verbose installManyTop reading scoped package data from /Users/moyuliang/Desktop/personal_project/share_economy_MEAN_Stack/node_modules/replace-ext/package.json
186 verbose installManyTop reading scoped package data from /Users/moyuliang/Desktop/personal_project/share_economy_MEAN_Stack/node_modules/req-timeout/package.json
187 verbose installManyTop reading scoped package data from /Users/moyuliang/Desktop/personal_project/share_economy_MEAN_Stack/node_modules/require_optional/package.json
188 verbose installManyTop reading scoped package data from /Users/moyuliang/Desktop/personal_project/share_economy_MEAN_Stack/node_modules/resolve/package.json
189 verbose installManyTop reading scoped package data from /Users/moyuliang/Desktop/personal_project/share_economy_MEAN_Stack/node_modules/resolve-from/package.json
190 verbose installManyTop reading scoped package data from /Users/moyuliang/Desktop/personal_project/share_economy_MEAN_Stack/node_modules/semver/package.json
191 verbose installManyTop reading scoped package data from /Users/moyuliang/Desktop/personal_project/share_economy_MEAN_Stack/node_modules/send/package.json
192 verbose installManyTop reading scoped package data from /Users/moyuliang/Desktop/personal_project/share_economy_MEAN_Stack/node_modules/sequencify/package.json
193 verbose installManyTop reading scoped package data from /Users/moyuliang/Desktop/personal_project/share_economy_MEAN_Stack/node_modules/serve-static/package.json
194 verbose installManyTop reading scoped package data from /Users/moyuliang/Desktop/personal_project/share_economy_MEAN_Stack/node_modules/setprototypeof/package.json
195 verbose installManyTop reading scoped package data from /Users/moyuliang/Desktop/personal_project/share_economy_MEAN_Stack/node_modules/sigmund/package.json
196 verbose installManyTop reading scoped package data from /Users/moyuliang/Desktop/personal_project/share_economy_MEAN_Stack/node_modules/signal-exit/package.json
197 verbose installManyTop reading scoped package data from /Users/moyuliang/Desktop/personal_project/share_economy_MEAN_Stack/node_modules/sparkles/package.json
198 verbose installManyTop reading scoped package data from /Users/moyuliang/Desktop/personal_project/share_economy_MEAN_Stack/node_modules/spdx-correct/package.json
199 verbose installManyTop reading scoped package data from /Users/moyuliang/Desktop/personal_project/share_economy_MEAN_Stack/node_modules/spdx-exceptions/package.json
200 verbose installManyTop reading scoped package data from /Users/moyuliang/Desktop/personal_project/share_economy_MEAN_Stack/node_modules/spdx-expression-parse/package.json
201 verbose installManyTop reading scoped package data from /Users/moyuliang/Desktop/personal_project/share_economy_MEAN_Stack/node_modules/spdx-license-ids/package.json
202 verbose installManyTop reading scoped package data from /Users/moyuliang/Desktop/personal_project/share_economy_MEAN_Stack/node_modules/split/package.json
203 verbose installManyTop reading scoped package data from /Users/moyuliang/Desktop/personal_project/share_economy_MEAN_Stack/node_modules/statuses/package.json
204 verbose installManyTop reading scoped package data from /Users/moyuliang/Desktop/personal_project/share_economy_MEAN_Stack/node_modules/stream-combiner/package.json
205 verbose installManyTop reading scoped package data from /Users/moyuliang/Desktop/personal_project/share_economy_MEAN_Stack/node_modules/stream-consume/package.json
206 verbose installManyTop reading scoped package data from /Users/moyuliang/Desktop/personal_project/share_economy_MEAN_Stack/node_modules/stream-to-array/package.json
207 verbose installManyTop reading scoped package data from /Users/moyuliang/Desktop/personal_project/share_economy_MEAN_Stack/node_modules/string_decoder/package.json
208 verbose installManyTop reading scoped package data from /Users/moyuliang/Desktop/personal_project/share_economy_MEAN_Stack/node_modules/strip-ansi/package.json
209 verbose installManyTop reading scoped package data from /Users/moyuliang/Desktop/personal_project/share_economy_MEAN_Stack/node_modules/strip-bom/package.json
210 verbose installManyTop reading scoped package data from /Users/moyuliang/Desktop/personal_project/share_economy_MEAN_Stack/node_modules/strip-indent/package.json
211 verbose installManyTop reading scoped package data from /Users/moyuliang/Desktop/personal_project/share_economy_MEAN_Stack/node_modules/supports-color/package.json
212 verbose installManyTop reading scoped package data from /Users/moyuliang/Desktop/personal_project/share_economy_MEAN_Stack/node_modules/through/package.json
213 verbose installManyTop reading scoped package data from /Users/moyuliang/Desktop/personal_project/share_economy_MEAN_Stack/node_modules/through2/package.json
214 verbose installManyTop reading scoped package data from /Users/moyuliang/Desktop/personal_project/share_economy_MEAN_Stack/node_modules/thunky/package.json
215 verbose installManyTop reading scoped package data from /Users/moyuliang/Desktop/personal_project/share_economy_MEAN_Stack/node_modules/tildify/package.json
216 verbose installManyTop reading scoped package data from /Users/moyuliang/Desktop/personal_project/share_economy_MEAN_Stack/node_modules/time-stamp/package.json
217 verbose installManyTop reading scoped package data from /Users/moyuliang/Desktop/personal_project/share_economy_MEAN_Stack/node_modules/to-mongodb-core/package.json
218 verbose installManyTop reading scoped package data from /Users/moyuliang/Desktop/personal_project/share_economy_MEAN_Stack/node_modules/trim-newlines/package.json
219 verbose installManyTop reading scoped package data from /Users/moyuliang/Desktop/personal_project/share_economy_MEAN_Stack/node_modules/type-is/package.json
220 verbose installManyTop reading scoped package data from /Users/moyuliang/Desktop/personal_project/share_economy_MEAN_Stack/node_modules/unique-stream/package.json
221 verbose installManyTop reading scoped package data from /Users/moyuliang/Desktop/personal_project/share_economy_MEAN_Stack/node_modules/unpipe/package.json
222 verbose installManyTop reading scoped package data from /Users/moyuliang/Desktop/personal_project/share_economy_MEAN_Stack/node_modules/user-home/package.json
223 verbose installManyTop reading scoped package data from /Users/moyuliang/Desktop/personal_project/share_economy_MEAN_Stack/node_modules/util-deprecate/package.json
224 verbose installManyTop reading scoped package data from /Users/moyuliang/Desktop/personal_project/share_economy_MEAN_Stack/node_modules/utils-merge/package.json
225 verbose installManyTop reading scoped package data from /Users/moyuliang/Desktop/personal_project/share_economy_MEAN_Stack/node_modules/v8flags/package.json
226 verbose installManyTop reading scoped package data from /Users/moyuliang/Desktop/personal_project/share_economy_MEAN_Stack/node_modules/validate-npm-package-license/package.json
227 verbose installManyTop reading scoped package data from /Users/moyuliang/Desktop/personal_project/share_economy_MEAN_Stack/node_modules/vary/package.json
228 verbose installManyTop reading scoped package data from /Users/moyuliang/Desktop/personal_project/share_economy_MEAN_Stack/node_modules/vinyl/package.json
229 verbose installManyTop reading scoped package data from /Users/moyuliang/Desktop/personal_project/share_economy_MEAN_Stack/node_modules/vinyl-fs/package.json
230 verbose installManyTop reading scoped package data from /Users/moyuliang/Desktop/personal_project/share_economy_MEAN_Stack/node_modules/wrappy/package.json
231 verbose installManyTop reading scoped package data from /Users/moyuliang/Desktop/personal_project/share_economy_MEAN_Stack/node_modules/xtend/package.json
232 info package.json arr-flatten@1.0.1 license should be a valid SPDX license expression
233 info package.json color-convert@0.5.3 No license field.
234 info package.json duplexer2@0.0.2 license should be a valid SPDX license expression
235 info package.json duplexer@0.1.1 No license field.
236 info package.json deprecated@0.0.1 No license field.
237 info package.json findup-sync@0.3.0 No license field.
238 info package.json flagged-respawn@0.3.2 No license field.
239 info package.json gaze@0.5.2 No license field.
240 info package.json glob-watcher@0.0.6 No license field.
241 info package.json glob2base@0.0.12 No license field.
242 info package.json globule@0.1.0 No license field.
243 info package.json glob-stream@3.1.18 No license field.
244 info package.json mime@1.3.4 No license field.
245 info package.json map-stream@0.1.0 No license field.
246 info package.json ms@0.7.1 No license field.
247 info package.json noncharacters@1.1.0 license should be a valid SPDX license expression
248 info package.json orchestrator@0.3.7 No license field.
249 info package.json parse-mongo-url@1.1.1 license should be a valid SPDX license expression
250 info package.json pause-stream@0.0.11 license should be a valid SPDX license expression
251 info package.json rechoir@0.6.2 No license field.
252 info package.json replace-ext@0.0.1 No license field.
253 info package.json sequencify@0.0.7 No license field.
254 info package.json string_decoder@0.10.31 string_decoder is also the name of a node core module.
255 info package.json thunky@0.1.0 No license field.
256 info package.json utils-merge@1.0.0 No license field.
257 info package.json unique-stream@1.0.0 license should be a valid SPDX license expression
258 info package.json v8flags@2.0.11 No license field.
259 info package.json vinyl-fs@0.3.14 No license field.
260 verbose readDependencies loading dependencies from /Users/moyuliang/Desktop/personal_project/share_economy_MEAN_Stack/package.json
261 silly cache add args [ 'angular-sanitize@X.Y.Z', null ]
262 verbose cache add spec angular-sanitize@X.Y.Z
263 silly cache add parsed spec Result {
263 silly cache add   raw: 'angular-sanitize@X.Y.Z',
263 silly cache add   scope: null,
263 silly cache add   name: 'angular-sanitize',
263 silly cache add   rawSpec: 'X.Y.Z',
263 silly cache add   spec: 'X.Y.Z',
263 silly cache add   type: 'tag' }
264 silly addNamed angular-sanitize@X.Y.Z
265 verbose addNamed "X.Y.Z" is being treated as a dist-tag for angular-sanitize
266 info addNameTag [ 'angular-sanitize', 'X.Y.Z' ]
267 silly mapToRegistry name angular-sanitize
268 silly mapToRegistry using default registry
269 silly mapToRegistry registry http://registry.npmjs.org/
270 silly mapToRegistry data Result {
270 silly mapToRegistry   raw: 'angular-sanitize',
270 silly mapToRegistry   scope: null,
270 silly mapToRegistry   name: 'angular-sanitize',
270 silly mapToRegistry   rawSpec: '',
270 silly mapToRegistry   spec: 'latest',
270 silly mapToRegistry   type: 'tag' }
271 silly mapToRegistry uri http://registry.npmjs.org/angular-sanitize
272 verbose addNameTag registry:http://registry.npmjs.org/angular-sanitize not in flight; fetching
273 verbose request uri http://registry.npmjs.org/angular-sanitize
274 verbose request no auth needed
275 info attempt registry request try #1 at 9:23:28 PM
276 verbose request id bf12bd9d65726044
277 http request GET http://registry.npmjs.org/angular-sanitize
278 http 200 http://registry.npmjs.org/angular-sanitize
279 verbose headers { server: 'CouchDB/1.5.0 (Erlang OTP/R16B03)',
279 verbose headers   etag: '"4DT39GGVEJQ3ETYZITRKHWPCM"',
279 verbose headers   'content-type': 'application/json',
279 verbose headers   'content-encoding': 'gzip',
279 verbose headers   'cache-control': 'max-age=300',
279 verbose headers   'content-length': '10489',
279 verbose headers   'accept-ranges': 'bytes',
279 verbose headers   date: 'Sun, 04 Sep 2016 03:23:28 GMT',
279 verbose headers   via: '1.1 varnish',
279 verbose headers   age: '0',
279 verbose headers   connection: 'keep-alive',
279 verbose headers   'x-served-by': 'cache-den6026-DEN',
279 verbose headers   'x-cache': 'MISS',
279 verbose headers   'x-cache-hits': '0',
279 verbose headers   'x-timer': 'S1472959408.642351,VS0,VE332',
279 verbose headers   vary: 'Accept-Encoding' }
280 silly get cb [ 200,
280 silly get   { server: 'CouchDB/1.5.0 (Erlang OTP/R16B03)',
280 silly get     etag: '"4DT39GGVEJQ3ETYZITRKHWPCM"',
280 silly get     'content-type': 'application/json',
280 silly get     'content-encoding': 'gzip',
280 silly get     'cache-control': 'max-age=300',
280 silly get     'content-length': '10489',
280 silly get     'accept-ranges': 'bytes',
280 silly get     date: 'Sun, 04 Sep 2016 03:23:28 GMT',
280 silly get     via: '1.1 varnish',
280 silly get     age: '0',
280 silly get     connection: 'keep-alive',
280 silly get     'x-served-by': 'cache-den6026-DEN',
280 silly get     'x-cache': 'MISS',
280 silly get     'x-cache-hits': '0',
280 silly get     'x-timer': 'S1472959408.642351,VS0,VE332',
280 silly get     vary: 'Accept-Encoding' } ]
281 verbose get saving angular-sanitize to /Users/moyuliang/.npm/registry.npmjs.org/angular-sanitize/.cache.json
282 verbose correctMkdir /Users/moyuliang/.npm correctMkdir not in flight; initializing
283 silly addNameTag next cb for angular-sanitize with tag X.Y.Z
284 verbose stack Error: No compatible version found: angular-sanitize@'X.Y.Z'
284 verbose stack Valid install targets:
284 verbose stack ["0.0.1","1.3.0-rc.5","1.3.0","1.3.1","1.3.2","1.3.3","1.3.4-build.3587","1.2.27","1.3.4","1.3.5","1.3.6","1.3.7","1.2.28","1.3.8","1.4.0-beta.0","1.3.9","1.3.10","1.4.0-beta.1","1.4.0-beta.2","1.3.11","1.4.0-beta.3","1.3.12","1.3.13","1.4.0-beta.4","1.3.14","1.4.0-beta.5","1.4.0-beta.6","1.3.15","1.4.0-rc.0","1.4.0-rc.1","1.4.0-rc.2","1.4.0","1.3.16","1.4.1","1.4.2","1.3.17","1.4.3","1.4.4","1.3.18","1.4.5","1.3.19","1.4.6","1.5.0-beta.0","1.2.29","1.3.20","1.4.7","1.5.0-beta.2","1.4.8","1.5.0-rc.0","1.5.0-rc.1","1.4.9","1.5.0-rc.2","1.5.0","1.5.1","1.4.10","1.5.2","1.5.3","1.5.5","1.4.11","1.5.6","1.4.12","1.5.7","1.2.30","1.5.8"]
284 verbose stack
284 verbose stack     at installTargetsError (/usr/local/lib/node_modules/npm/lib/cache/add-named.js:284:12)
284 verbose stack     at next (/usr/local/lib/node_modules/npm/lib/cache/add-named.js:94:10)
284 verbose stack     at RES (/usr/local/lib/node_modules/npm/node_modules/inflight/inflight.js:23:14)
284 verbose stack     at f (/usr/local/lib/node_modules/npm/node_modules/once/once.js:17:25)
284 verbose stack     at fixName (/usr/local/lib/node_modules/npm/lib/cache/add-named.js:29:5)
284 verbose stack     at saved (/usr/local/lib/node_modules/npm/lib/cache/caching-client.js:173:7)
284 verbose stack     at /usr/local/lib/node_modules/npm/node_modules/graceful-fs/polyfills.js:210:7
284 verbose stack     at FSReqWrap.oncomplete (fs.js:82:15)
285 verbose cwd /Users/moyuliang/Desktop/personal_project/share_economy_MEAN_Stack/server
286 error Darwin 15.6.0
287 error argv "/usr/local/bin/node" "/usr/local/bin/npm" "install" "angular-sanitize@X.Y.Z" "--save"
288 error node v4.5.0
289 error npm  v2.15.9
290 error code ETARGET
291 error notarget No compatible version found: angular-sanitize@'X.Y.Z'
291 error notarget Valid install targets:
291 error notarget ["0.0.1","1.3.0-rc.5","1.3.0","1.3.1","1.3.2","1.3.3","1.3.4-build.3587","1.2.27","1.3.4","1.3.5","1.3.6","1.3.7","1.2.28","1.3.8","1.4.0-beta.0","1.3.9","1.3.10","1.4.0-beta.1","1.4.0-beta.2","1.3.11","1.4.0-beta.3","1.3.12","1.3.13","1.4.0-beta.4","1.3.14","1.4.0-beta.5","1.4.0-beta.6","1.3.15","1.4.0-rc.0","1.4.0-rc.1","1.4.0-rc.2","1.4.0","1.3.16","1.4.1","1.4.2","1.3.17","1.4.3","1.4.4","1.3.18","1.4.5","1.3.19","1.4.6","1.5.0-beta.0","1.2.29","1.3.20","1.4.7","1.5.0-beta.2","1.4.8","1.5.0-rc.0","1.5.0-rc.1","1.4.9","1.5.0-rc.2","1.5.0","1.5.1","1.4.10","1.5.2","1.5.3","1.5.5","1.4.11","1.5.6","1.4.12","1.5.7","1.2.30","1.5.8"]
291 error notarget
291 error notarget This is most likely not a problem with npm itself.
291 error notarget In most cases you or one of your dependencies are requesting
291 error notarget a package version that doesn't exist.
291 error notarget
291 error notarget It was specified as a dependency of 'mongo_express'
292 verbose exit [ 1, true ]
